Oct 11 10:28:55 sysmon sysmon[4753]: <Event><System><Provider Name="Linux-Sysmon" Guid="{ff032593-a8d3-4f13-b0d6-01fc615a0f97}"/><EventID>5</EventID><Version>3</Version><Level>4</Level><Task>5</Task><Opcode>0</Opcode><Keywords>0x8000000000000000</Keywords><TimeCreated SystemTime="2024-10-11T04:58:55.385690000Z"/><EventRecordID>50180</EventRecordID><Correlation/><Execution ProcessID="4753" ThreadID="4753"/><Channel>Linux-Sysmon/Operational</Channel><Computer>sysmon</Computer><Security UserId="0"/></System><EventData><Data Name="RuleName">-</Data><Data Name="UtcTime">2024-10-11 04:58:55.394</Data><Data Name="ProcessGuid">{d3fd18bc-b058-6708-9dfb-f6db22560000}</Data><Data Name="ProcessId">6446</Data><Data Name="Image">/usr/bin/bash</Data><Data Name="User">root</Data></EventData></Event>
Oct 11 10:28:59 sysmon sysmon[4753]: <Event><System><Provider Name="Linux-Sysmon" Guid="{ff032593-a8d3-4f13-b0d6-01fc615a0f97}"/><EventID>5</EventID><Version>3</Version><Level>4</Level><Task>5</Task><Opcode>0</Opcode><Keywords>0x8000000000000000</Keywords><TimeCreated SystemTime="2024-10-11T04:58:59.645084000Z"/><EventRecordID>50181</EventRecordID><Correlation/><Execution ProcessID="4753" ThreadID="4753"/><Channel>Linux-Sysmon/Operational</Channel><Computer>sysmon</Computer><Security UserId="0"/></System><EventData><Data Name="RuleName">-</Data><Data Name="UtcTime">2024-10-11 04:58:59.653</Data><Data Name="ProcessGuid">{00000000-0000-0000-0000-000000000000}</Data><Data Name="ProcessId">6391</Data><Data Name="Image">&lt;unknown process&gt;</Data><Data Name="User">root</Data></EventData></Event>
Oct 11 10:30:22 sysmon sysmon[4753]: <Event><System><Provider Name="Linux-Sysmon" Guid="{ff032593-a8d3-4f13-b0d6-01fc615a0f97}"/><EventID>5</EventID><Version>3</Version><Level>4</Level><Task>5</Task><Opcode>0</Opcode><Keywords>0x8000000000000000</Keywords><TimeCreated SystemTime="2024-10-11T05:00:22.171811000Z"/><EventRecordID>50182</EventRecordID><Correlation/><Execution ProcessID="4753" ThreadID="4753"/><Channel>Linux-Sysmon/Operational</Channel><Computer>sysmon</Computer><Security UserId="0"/></System><EventData><Data Name="RuleName">-</Data><Data Name="UtcTime">2024-10-11 05:00:22.180</Data><Data Name="ProcessGuid">{d3fd18bc-afb3-6708-2d0e-530d51560000}</Data><Data Name="ProcessId">6442</Data><Data Name="Image">/usr/bin/journalctl</Data><Data Name="User">root</Data></EventData></Event>
Oct 11 10:30:24 sysmon sysmon[4753]: <Event><System><Provider Name="Linux-Sysmon" Guid="{ff032593-a8d3-4f13-b0d6-01fc615a0f97}"/><EventID>5</EventID><Version>3</Version><Level>4</Level><Task>5</Task><Opcode>0</Opcode><Keywords>0x8000000000000000</Keywords><TimeCreated SystemTime="2024-10-11T05:00:24.110373000Z"/><EventRecordID>50183</EventRecordID><Correlation/><Execution ProcessID="4753" ThreadID="4753"/><Channel>Linux-Sysmon/Operational</Channel><Computer>sysmon</Computer><Security UserId="0"/></System><EventData><Data Name="RuleName">-</Data><Data Name="UtcTime">2024-10-11 05:00:24.119</Data><Data Name="ProcessGuid">{d3fd18bc-b0e8-6708-5dd6-e00d6c550000}</Data><Data Name="ProcessId">6504</Data><Data Name="Image">/usr/bin/clear</Data><Data Name="User">-</Data></EventData></Event>
Oct 11 10:30:39 sysmon sysmon[4753]: <Event><System><Provider Name="Linux-Sysmon" Guid="{ff032593-a8d3-4f13-b0d6-01fc615a0f97}"/><EventID>5</EventID><Version>3</Version><Level>4</Level><Task>5</Task><Opcode>0</Opcode><Keywords>0x8000000000000000</Keywords><TimeCreated SystemTime="2024-10-11T05:00:39.567668000Z"/><EventRecordID>50184</EventRecordID><Correlation/><Execution ProcessID="4753" ThreadID="4753"/><Channel>Linux-Sysmon/Operational</Channel><Computer>sysmon</Computer><Security UserId="0"/></System><EventData><Data Name="RuleName">-</Data><Data Name="UtcTime">2024-10-11 05:00:39.576</Data><Data Name="ProcessGuid">{d3fd18bc-b0f6-6708-09e6-b9160e560000}</Data><Data Name="ProcessId">6507</Data><Data Name="Image">/usr/bin/sleep</Data><Data Name="User">root</Data></EventData></Event>
Oct 11 10:30:40 sysmon sysmon[4753]: <Event><System><Provider Name="Linux-Sysmon" Guid="{ff032593-a8d3-4f13-b0d6-01fc615a0f97}"/><EventID>5</EventID><Version>3</Version><Level>4</Level><Task>5</Task><Opcode>0</Opcode><Keywords>0x8000000000000000</Keywords><TimeCreated SystemTime="2024-10-11T05:00:40.570371000Z"/><EventRecordID>50185</EventRecordID><Correlation/><Execution ProcessID="4753" ThreadID="4753"/><Channel>Linux-Sysmon/Operational</Channel><Computer>sysmon</Computer><Security UserId="0"/></System><EventData><Data Name="RuleName">-</Data><Data Name="UtcTime">2024-10-11 05:00:40.579</Data><Data Name="ProcessGuid">{d3fd18bc-b0f7-6708-09e6-79eaae550000}</Data><Data Name="ProcessId">6508</Data><Data Name="Image">/usr/bin/sleep</Data><Data Name="User">root</Data></EventData></Event>
Oct 11 10:30:41 sysmon sysmon[4753]: <Event><System><Provider Name="Linux-Sysmon" Guid="{ff032593-a8d3-4f13-b0d6-01fc615a0f97}"/><EventID>5</EventID><Version>3</Version><Level>4</Level><Task>5</Task><Opcode>0</Opcode><Keywords>0x8000000000000000</Keywords><TimeCreated SystemTime="2024-10-11T05:00:41.572733000Z"/><EventRecordID>50186</EventRecordID><Correlation/><Execution ProcessID="4753" ThreadID="4753"/><Channel>Linux-Sysmon/Operational</Channel><Computer>sysmon</Computer><Security UserId="0"/></System><EventData><Data Name="RuleName">-</Data><Data Name="UtcTime">2024-10-11 05:00:41.581</Data><Data Name="ProcessGuid">{d3fd18bc-b0f8-6708-0926-d66523560000}</Data><Data Name="ProcessId">6509</Data><Data Name="Image">/usr/bin/sleep</Data><Data Name="User">root</Data></EventData></Event>
Oct 11 10:30:42 sysmon sysmon[4753]: <Event><System><Provider Name="Linux-Sysmon" Guid="{ff032593-a8d3-4f13-b0d6-01fc615a0f97}"/><EventID>5</EventID><Version>3</Version><Level>4</Level><Task>5</Task><Opcode>0</Opcode><Keywords>0x8000000000000000</Keywords><TimeCreated SystemTime="2024-10-11T05:00:42.575375000Z"/><EventRecordID>50187</EventRecordID><Correlation/><Execution ProcessID="4753" ThreadID="4753"/><Channel>Linux-Sysmon/Operational</Channel><Computer>sysmon</Computer><Security UserId="0"/></System><EventData><Data Name="RuleName">-</Data><Data Name="UtcTime">2024-10-11 05:00:42.584</Data><Data Name="ProcessGuid">{d3fd18bc-b0f9-6708-0946-f64c8c550000}</Data><Data Name="ProcessId">6510</Data><Data Name="Image">/usr/bin/sleep</Data><Data Name="User">root</Data></EventData></Event>
Oct 11 10:30:43 sysmon sysmon[4753]: <Event><System><Provider Name="Linux-Sysmon" Guid="{ff032593-a8d3-4f13-b0d6-01fc615a0f97}"/><EventID>5</EventID><Version>3</Version><Level>4</Level><Task>5</Task><Opcode>0</Opcode><Keywords>0x8000000000000000</Keywords><TimeCreated SystemTime="2024-10-11T05:00:43.578643000Z"/><EventRecordID>50188</EventRecordID><Correlation/><Execution ProcessID="4753" ThreadID="4753"/><Channel>Linux-Sysmon/Operational</Channel><Computer>sysmon</Computer><Security UserId="0"/></System><EventData><Data Name="RuleName">-</Data><Data Name="UtcTime">2024-10-11 05:00:43.587</Data><Data Name="ProcessGuid">{d3fd18bc-b0fa-6708-09f6-815545560000}</Data><Data Name="ProcessId">6511</Data><Data Name="Image">/usr/bin/sleep</Data><Data Name="User">root</Data></EventData></Event>
